<?xml version="1.0" encoding="UTF-8"?>
<!-- Generated by org.testng.reporters.JUnitReportReporter -->
<testsuite skipped="0" hostname="DESKTOP-MV1FS2I" name="qaclickacademy.Mavenjava.RestAPITest" tests="2" failures="0" timestamp="2020-10-09T15:32:33 IST" time="0.003" errors="0">
  <testcase name="postJira" time="0.002" classname="qaclickacademy.Mavenjava.RestAPITest"/>
  <system-out/>
  <testcase name="deleteTwitter" time="0.001" classname="qaclickacademy.Mavenjava.RestAPITest"/>
  <system-out/>
</testsuite> <!-- qaclickacademy.Mavenjava.RestAPITest -->
