<?xml version="1.0" encoding="UTF-8"?>
<!-- Generated by org.testng.reporters.JUnitReportReporter -->
<testsuite skipped="0" hostname="DESKTOP-MV1FS2I" name="qaclickacademy.Mavenjava.AppiumTest" tests="2" failures="0" timestamp="2020-10-09T15:32:33 IST" time="0.021" errors="0">
  <testcase name="nativeAppAndroid" time="0.000" classname="qaclickacademy.Mavenjava.AppiumTest"/>
  <system-out/>
  <testcase name="IOSApps" time="0.021" classname="qaclickacademy.Mavenjava.AppiumTest"/>
  <system-out/>
</testsuite> <!-- qaclickacademy.Mavenjava.AppiumTest -->
